Spawned worker (pid: 51144)
Spawned worker (pid: 51145)
Spawned worker (pid: 51146)
Spawned worker (pid: 51147)
Spawned worker (pid: 51148)
Spawned worker (pid: 51149)
Spawned worker (pid: 51150)
Spawned worker (pid: 51151)
Spawned worker (pid: 51152)
Spawned worker (pid: 51153)
Spawned worker (pid: 51154)
Spawned worker (pid: 51155)
Spawned worker (pid: 51156)
Spawned worker (pid: 51157)
Spawned worker (pid: 51158)
[51144] /usr/bin/python3 /var/repos/rcbot2/versioning/generate.py /var/repos/rcbot2 /var/repos/rcbot2/build-debug/includes
[51150] g++ -m64 -pipe -fno-strict-aliasing -Wall -Werror -Wno-uninitialized -Wno-sign-compare -Wno-unused -Wno-switch -Wno-unknown-pragmas -Wno-dangling-else -Wno-null-dereference -msse -fPIC -std=c++17 -fvisibility=hidden -mfpmath=sse -g3 -fno-omit-frame-pointer -march=nocona -march=core2 -fvisibility-inlines-hidden -fexceptions -fno-rtti -fno-threadsafe-statics -Wno-non-virtual-dtor -Wno-overloaded-virtual -Wno-register -Wno-delete-non-virtual-dtor -DHAVE_STDINT_H -DGNUC -DDEBUG -D_DEBUG -DLINUX -D_LINUX -DPOSIX -D_FILE_OFFSET_BITS=64 -DSE_CS2=25 -DSE_DARKMESSIAH=2 -DSE_EYE=5 -DSE_DOI=21 -DSE_MOCK=26 -DSE_BMS=11 -DSE_INSURGENCY=20 -DSE_ORANGEBOX=3 -DSE_MCV=22 -DSE_NUCLEARDAWN=14 -DSE_PVKII=10 -DSE_CSGO=23 -DSE_CONTAGION=15 -DSE_PORTAL2=18 -DSE_TF2=12 -DSE_DOTA=24 -DSE_SDK2013=9 -DSE_BLADE=19 -DSE_BLOODYGOODTIME=4 -DSE_DODS=8 -DSE_EPISODEONE=1 -DSE_LEFT4DEAD=13 -DSE_HL2DM=7 -DSE_CSS=6 -DSE_LEFT4DEAD2=16 -DSE_DEADLOCK=27 -DSE_ALIENSWARM=17 -DSOURCE_ENGINE=12 -DGAME_DLL -DCOMPILER_GCC -DX64BITS -DPLATFORM_64BITS -DNO_HOOK_MALLOC -DNO_MALLOC_OVERRIDE -DSM_EXT -DENABLE_SOURCEMOD_INTEGRATION -DRCBOT_MAXPLAYERS=101 -I /var/repos/rcbot2 -I /var/repos/rcbot2/sourcehook -I /var/repos/rcbot2/loader -I /var/repos/rcbot2/alliedmodders/metamod-source/core -I /var/repos/rcbot2/alliedmodders/metamod-source/core/sourcehook -I /var/repos/rcbot2/alliedmodders/hl2sdk-tf2/public -I /var/repos/rcbot2/alliedmodders/hl2sdk-tf2/public/engine -I /var/repos/rcbot2/alliedmodders/hl2sdk-tf2/public/mathlib -I /var/repos/rcbot2/alliedmodders/hl2sdk-tf2/public/vstdlib -I /var/repos/rcbot2/alliedmodders/hl2sdk-tf2/public/tier0 -I /var/repos/rcbot2/alliedmodders/hl2sdk-tf2/public/tier1 -I /var/repos/rcbot2/alliedmodders/hl2sdk-tf2/public/toolframework -I /var/repos/rcbot2/alliedmodders/hl2sdk-tf2/public/game/server -I /var/repos/rcbot2/alliedmodders/hl2sdk-tf2/game/shared -I /var/repos/rcbot2/alliedmodders/hl2sdk-tf2/common -I /var/repos/rcbot2/utils/RCBot2_meta -I /var/repos/rcbot2/alliedmodders/sourcemod/sourcepawn/include -I /var/repos/rcbot2/alliedmodders/sourcemod/public/amtl -I /var/repos/rcbot2/alliedmodders/sourcemod/public/amtl/amtl -I /var/repos/rcbot2/alliedmodders/sourcemod/public/extensions -I /var/repos/rcbot2/alliedmodders/sourcemod/public -I /var/repos/rcbot2/sm_ext -I /var/repos/rcbot2/versioning -I /var/repos/rcbot2/build-debug/includes -I /var/repos/rcbot2/alliedmodders/hl2sdk-tf2/game/server -MD -MF utils_RCBot2_meta_bot_css_bot.d -c /var/repos/rcbot2/utils/RCBot2_meta/bot_css_bot.cpp -o utils_RCBot2_meta_bot_css_bot.o
In file included from /var/repos/rcbot2/alliedmodders/sourcemod/public/IExtensionSys.h:35,
                 from /var/repos/rcbot2/sm_ext/bot_sm_ext.h:4,
                 from /var/repos/rcbot2/utils/RCBot2_meta/bot_plugin_meta.h:55,
                 from /var/repos/rcbot2/utils/RCBot2_meta/bot_css_bot.cpp:55:
/var/repos/rcbot2/alliedmodders/sourcemod/public/IShareSys.h:40:10: fatal error: sp_vm_types.h: No such file or directory
   40 | #include <sp_vm_types.h>
      |          ^~~~~~~~~~~~~~~
compilation terminated.
Build failed: rcbot.2.tf2/linux-x86_64/utils_RCBot2_meta_bot_css_bot.d
