[create] mkdir -p includes
[create] mkdir -p includes/version
[create] mkdir -p rcbot.2.tf2
[create] mkdir -p rcbot.2.tf2/linux-x86
[create] mkdir -p rcbot.2.tf2/linux-x86_64
[create] mkdir -p rcbot.2.hl2dm
[create] mkdir -p rcbot.2.hl2dm/linux-x86
[create] mkdir -p rcbot.2.hl2dm/linux-x86_64
[create] mkdir -p loader
[create] mkdir -p loader/RCBot2Meta_i486
[create] mkdir -p loader/RCBot2Meta_i486/linux-x86
[create] mkdir -p loader/RCBot2Meta.x64
[create] mkdir -p loader/RCBot2Meta.x64/linux-x86_64
[create] mkdir -p package
[create] mkdir -p package/addons
[create] mkdir -p package/addons/metamod
[create] mkdir -p package/addons/rcbot2
[create] mkdir -p package/addons/rcbot2/aux_data
[create] mkdir -p package/addons/rcbot2/bin
[create] mkdir -p package/addons/rcbot2/config
[create] mkdir -p package/addons/rcbot2/profiles
[create] mkdir -p package/addons/rcbot2/waypoints
[create] mkdir -p package/addons/rcbot2/bin/x64
Spawned worker (pid: 48770)
Spawned worker (pid: 48771)
Spawned worker (pid: 48772)
Spawned worker (pid: 48773)
Spawned worker (pid: 48774)
Spawned worker (pid: 48775)
Spawned worker (pid: 48776)
Spawned worker (pid: 48777)
Spawned worker (pid: 48778)
Spawned worker (pid: 48779)
Spawned worker (pid: 48780)
Spawned worker (pid: 48781)
Spawned worker (pid: 48782)
Spawned worker (pid: 48783)
Spawned worker (pid: 48784)
[48781] ln -s "/var/repos/rcbot2/alliedmodders/hl2sdk-hl2dm/lib/public/linux64/libvstdlib_srv.so" "./rcbot.2.hl2dm/linux-x86_64/libvstdlib_srv.so"
[48770] cp "/var/repos/rcbot2/package/config/weapons.ini" "./package/addons/rcbot2/config/weapons.ini"
[48774] cp "/var/repos/rcbot2/package/config/bot_quota.ini" "./package/addons/rcbot2/config/bot_quota.ini"
[48775] cp "/var/repos/rcbot2/package/config/bot_mods.ini" "./package/addons/rcbot2/config/bot_mods.ini"
[48771] cp "/var/repos/rcbot2/package/config/normal_util.csv" "./package/addons/rcbot2/config/normal_util.csv"
[48776] cp "/var/repos/rcbot2/package/config/attack_util.csv" "./package/addons/rcbot2/config/attack_util.csv"
[48777] cp "/var/repos/rcbot2/package/config/accessclients.ini" "./package/addons/rcbot2/config/accessclients.ini"
[48770] ln -s "/var/repos/rcbot2/alliedmodders/hl2sdk-hl2dm/lib/public/linux/libvstdlib_srv.so" "./rcbot.2.hl2dm/linux-x86/libvstdlib_srv.so"
[48775] ln -s "/var/repos/rcbot2/alliedmodders/hl2sdk-tf2/lib/public/linux64/libvstdlib_srv.so" "./rcbot.2.tf2/linux-x86_64/libvstdlib_srv.so"
[48774] ln -s "/var/repos/rcbot2/alliedmodders/hl2sdk-hl2dm/lib/public/linux/libtier0_srv.so" "./rcbot.2.hl2dm/linux-x86/libtier0_srv.so"
[48776] ln -s "/var/repos/rcbot2/alliedmodders/hl2sdk-tf2/lib/public/linux/libvstdlib_srv.so" "./rcbot.2.tf2/linux-x86/libvstdlib_srv.so"
[48777] ln -s "/var/repos/rcbot2/alliedmodders/hl2sdk-tf2/lib/public/linux/libtier0_srv.so" "./rcbot.2.tf2/linux-x86/libtier0_srv.so"
[48778] cp "/var/repos/rcbot2/package/rcbot2.vdf" "./package/addons/metamod/rcbot2.vdf"
[48781] ln -s "/var/repos/rcbot2/alliedmodders/hl2sdk-hl2dm/lib/public/linux64/libtier0_srv.so" "./rcbot.2.hl2dm/linux-x86_64/libtier0_srv.so"
[48771] ln -s "/var/repos/rcbot2/alliedmodders/hl2sdk-tf2/lib/public/linux64/libtier0_srv.so" "./rcbot.2.tf2/linux-x86_64/libtier0_srv.so"
[48772] cp "/var/repos/rcbot2/package/config/hookinfo.ini" "./package/addons/rcbot2/config/hookinfo.ini"
[48773] cp "/var/repos/rcbot2/package/config/config.ini" "./package/addons/rcbot2/config/config.ini"
[48770] /usr/bin/python3 /var/repos/rcbot2/versioning/generate.py /var/repos/rcbot2 /var/repos/rcbot2/build-debug/includes
[48780] g++ -m32 -pipe -fno-strict-aliasing -Wall -Werror -Wno-uninitialized -Wno-sign-compare -Wno-unused -Wno-switch -Wno-unknown-pragmas -Wno-dangling-else -Wno-null-dereference -msse -fPIC -std=c++17 -fvisibility=hidden -mfpmath=sse -g3 -fno-omit-frame-pointer -fvisibility-inlines-hidden -fexceptions -fno-rtti -fno-threadsafe-statics -Wno-non-virtual-dtor -Wno-overloaded-virtual -Wno-register -Wno-delete-non-virtual-dtor -fno-rtti -DHAVE_STDINT_H -DGNUC -DDEBUG -D_DEBUG -DLINUX -D_LINUX -DPOSIX -D_FILE_OFFSET_BITS=64 -DMETA_NO_HL2SDK -I /var/repos/rcbot2/alliedmodders/metamod-source/core -I /var/repos/rcbot2/alliedmodders/metamod-source/sourcehook -MD -MF loader.d -c /var/repos/rcbot2/loader/loader.cpp -o loader.o
[48779] g++ -m64 -pipe -fno-strict-aliasing -Wall -Werror -Wno-uninitialized -Wno-sign-compare -Wno-unused -Wno-switch -Wno-unknown-pragmas -Wno-dangling-else -Wno-null-dereference -msse -fPIC -std=c++17 -fvisibility=hidden -mfpmath=sse -g3 -fno-omit-frame-pointer -fvisibility-inlines-hidden -fexceptions -fno-rtti -fno-threadsafe-statics -Wno-non-virtual-dtor -Wno-overloaded-virtual -Wno-register -Wno-delete-non-virtual-dtor -fno-rtti -DHAVE_STDINT_H -DGNUC -DDEBUG -D_DEBUG -DLINUX -D_LINUX -DPOSIX -D_FILE_OFFSET_BITS=64 -DMETA_NO_HL2SDK -I /var/repos/rcbot2/alliedmodders/metamod-source/core -I /var/repos/rcbot2/alliedmodders/metamod-source/sourcehook -MD -MF loader.d -c /var/repos/rcbot2/loader/loader.cpp -o loader.o
[48773] g++ -m64 -pipe -fno-strict-aliasing -Wall -Werror -Wno-uninitialized -Wno-sign-compare -Wno-unused -Wno-switch -Wno-unknown-pragmas -Wno-dangling-else -Wno-null-dereference -msse -fPIC -std=c++17 -fvisibility=hidden -mfpmath=sse -g3 -fno-omit-frame-pointer -march=nocona -march=core2 -fvisibility-inlines-hidden -fexceptions -fno-rtti -fno-threadsafe-statics -Wno-non-virtual-dtor -Wno-overloaded-virtual -Wno-register -Wno-delete-non-virtual-dtor -DHAVE_STDINT_H -DGNUC -DDEBUG -D_DEBUG -DLINUX -D_LINUX -DPOSIX -D_FILE_OFFSET_BITS=64 -DSE_CS2=25 -DSE_DARKMESSIAH=2 -DSE_EYE=5 -DSE_DOI=21 -DSE_MOCK=26 -DSE_BMS=11 -DSE_INSURGENCY=20 -DSE_ORANGEBOX=3 -DSE_MCV=22 -DSE_NUCLEARDAWN=14 -DSE_PVKII=10 -DSE_CSGO=23 -DSE_CONTAGION=15 -DSE_PORTAL2=18 -DSE_TF2=12 -DSE_DOTA=24 -DSE_SDK2013=9 -DSE_BLADE=19 -DSE_BLOODYGOODTIME=4 -DSE_DODS=8 -DSE_EPISODEONE=1 -DSE_LEFT4DEAD=13 -DSE_HL2DM=7 -DSE_CSS=6 -DSE_LEFT4DEAD2=16 -DSE_DEADLOCK=27 -DSE_ALIENSWARM=17 -DSOURCE_ENGINE=12 -DGAME_DLL -DCOMPILER_GCC -DX64BITS -DPLATFORM_64BITS -DNO_HOOK_MALLOC -DNO_MALLOC_OVERRIDE -DSM_EXT -DENABLE_SOURCEMOD_INTEGRATION -DRCBOT_MAXPLAYERS=101 -I /var/repos/rcbot2 -I /var/repos/rcbot2/sourcehook -I /var/repos/rcbot2/loader -I /var/repos/rcbot2/alliedmodders/metamod-source/core -I /var/repos/rcbot2/alliedmodders/metamod-source/core/sourcehook -I /var/repos/rcbot2/alliedmodders/hl2sdk-tf2/public -I /var/repos/rcbot2/alliedmodders/hl2sdk-tf2/public/engine -I /var/repos/rcbot2/alliedmodders/hl2sdk-tf2/public/mathlib -I /var/repos/rcbot2/alliedmodders/hl2sdk-tf2/public/vstdlib -I /var/repos/rcbot2/alliedmodders/hl2sdk-tf2/public/tier0 -I /var/repos/rcbot2/alliedmodders/hl2sdk-tf2/public/tier1 -I /var/repos/rcbot2/alliedmodders/hl2sdk-tf2/public/toolframework -I /var/repos/rcbot2/alliedmodders/hl2sdk-tf2/public/game/server -I /var/repos/rcbot2/alliedmodders/hl2sdk-tf2/game/shared -I /var/repos/rcbot2/alliedmodders/hl2sdk-tf2/common -I /var/repos/rcbot2/utils/RCBot2_meta -I /var/repos/rcbot2/alliedmodders/sourcemod/sourcepawn/include -I /var/repos/rcbot2/alliedmodders/sourcemod/public/amtl -I /var/repos/rcbot2/alliedmodders/sourcemod/public/amtl/amtl -I /var/repos/rcbot2/alliedmodders/sourcemod/public/extensions -I /var/repos/rcbot2/alliedmodders/sourcemod/public -I /var/repos/rcbot2/sm_ext -I /var/repos/rcbot2/versioning -I /var/repos/rcbot2/build-debug/includes -I /var/repos/rcbot2/alliedmodders/hl2sdk-tf2/game/server -MD -MF utils_RCBot2_meta_bot_mtrand.d -c /var/repos/rcbot2/utils/RCBot2_meta/bot_mtrand.cpp -o utils_RCBot2_meta_bot_mtrand.o
[48780] g++ -m32 loader.o -static-libgcc -static-libstdc++ -ldl -shared -o RCBot2Meta_i486.so
[48780] cp "loader/RCBot2Meta_i486/linux-x86/RCBot2Meta_i486.so" "./package/addons/rcbot2/bin/RCBot2Meta_i486.so"
[48779] g++ -m64 loader.o -static-libgcc -static-libstdc++ -ldl -shared -o RCBot2Meta.x64.so
[48779] cp "loader/RCBot2Meta.x64/linux-x86_64/RCBot2Meta.x64.so" "./package/addons/rcbot2/bin/RCBot2Meta.x64.so"
[48770] g++ -m64 -pipe -fno-strict-aliasing -Wall -Werror -Wno-uninitialized -Wno-sign-compare -Wno-unused -Wno-switch -Wno-unknown-pragmas -Wno-dangling-else -Wno-null-dereference -msse -fPIC -std=c++17 -fvisibility=hidden -mfpmath=sse -g3 -fno-omit-frame-pointer -march=nocona -march=core2 -fvisibility-inlines-hidden -fexceptions -fno-rtti -fno-threadsafe-statics -Wno-non-virtual-dtor -Wno-overloaded-virtual -Wno-register -Wno-delete-non-virtual-dtor -DHAVE_STDINT_H -DGNUC -DDEBUG -D_DEBUG -DLINUX -D_LINUX -DPOSIX -D_FILE_OFFSET_BITS=64 -DSE_CS2=25 -DSE_DARKMESSIAH=2 -DSE_EYE=5 -DSE_DOI=21 -DSE_MOCK=26 -DSE_BMS=11 -DSE_INSURGENCY=20 -DSE_ORANGEBOX=3 -DSE_MCV=22 -DSE_NUCLEARDAWN=14 -DSE_PVKII=10 -DSE_CSGO=23 -DSE_CONTAGION=15 -DSE_PORTAL2=18 -DSE_TF2=12 -DSE_DOTA=24 -DSE_SDK2013=9 -DSE_BLADE=19 -DSE_BLOODYGOODTIME=4 -DSE_DODS=8 -DSE_EPISODEONE=1 -DSE_LEFT4DEAD=13 -DSE_HL2DM=7 -DSE_CSS=6 -DSE_LEFT4DEAD2=16 -DSE_DEADLOCK=27 -DSE_ALIENSWARM=17 -DSOURCE_ENGINE=7 -DGAME_DLL -DCOMPILER_GCC -DX64BITS -DPLATFORM_64BITS -DNO_HOOK_MALLOC -DNO_MALLOC_OVERRIDE -DSM_EXT -DENABLE_SOURCEMOD_INTEGRATION -DRCBOT_MAXPLAYERS=101 -I /var/repos/rcbot2 -I /var/repos/rcbot2/sourcehook -I /var/repos/rcbot2/loader -I /var/repos/rcbot2/alliedmodders/metamod-source/core -I /var/repos/rcbot2/alliedmodders/metamod-source/core/sourcehook -I /var/repos/rcbot2/alliedmodders/hl2sdk-hl2dm/public -I /var/repos/rcbot2/alliedmodders/hl2sdk-hl2dm/public/engine -I /var/repos/rcbot2/alliedmodders/hl2sdk-hl2dm/public/mathlib -I /var/repos/rcbot2/alliedmodders/hl2sdk-hl2dm/public/vstdlib -I /var/repos/rcbot2/alliedmodders/hl2sdk-hl2dm/public/tier0 -I /var/repos/rcbot2/alliedmodders/hl2sdk-hl2dm/public/tier1 -I /var/repos/rcbot2/alliedmodders/hl2sdk-hl2dm/public/toolframework -I /var/repos/rcbot2/alliedmodders/hl2sdk-hl2dm/public/game/server -I /var/repos/rcbot2/alliedmodders/hl2sdk-hl2dm/game/shared -I /var/repos/rcbot2/alliedmodders/hl2sdk-hl2dm/common -I /var/repos/rcbot2/utils/RCBot2_meta -I /var/repos/rcbot2/alliedmodders/sourcemod/sourcepawn/include -I /var/repos/rcbot2/alliedmodders/sourcemod/public/amtl -I /var/repos/rcbot2/alliedmodders/sourcemod/public/amtl/amtl -I /var/repos/rcbot2/alliedmodders/sourcemod/public/extensions -I /var/repos/rcbot2/alliedmodders/sourcemod/public -I /var/repos/rcbot2/sm_ext -I /var/repos/rcbot2/versioning -I /var/repos/rcbot2/build-debug/includes -I /var/repos/rcbot2/alliedmodders/hl2sdk-hl2dm/game/server -MD -MF rcbot_entprops.d -c /var/repos/rcbot2/rcbot/entprops.cpp -o rcbot_entprops.o
In file included from /var/repos/rcbot2/utils/RCBot2_meta/bot_plugin_meta.h:55,
                 from /var/repos/rcbot2/rcbot/entprops.h:32,
                 from /var/repos/rcbot2/rcbot/entprops.cpp:37:
/var/repos/rcbot2/sm_ext/bot_sm_ext.h:4:10: fatal error: IExtensionSys.h: No such file or directory
    4 | #include <IExtensionSys.h>
      |          ^~~~~~~~~~~~~~~~~
compilation terminated.
Build failed: rcbot.2.hl2dm/linux-x86_64/rcbot_entprops.d
