Traceback (most recent call last):
  File "/usr/local/lib/python3.12/dist-packages/ambuild2/frontend/v2_2/prep.py", line 161, in Configure
    if not cm.generate(options.generator):
           ^^^^^^^^^^^^^^^^^^^^^^^^^^^^^^
  File "/usr/local/lib/python3.12/dist-packages/ambuild2/frontend/context_manager.py", line 93, in generate
    self.parseBuildScripts()
  File "/usr/local/lib/python3.12/dist-packages/ambuild2/frontend/v2_2/context_manager.py", line 50, in parseBuildScripts
    self.execContext(cx)
  File "/usr/local/lib/python3.12/dist-packages/ambuild2/frontend/v2_2/context_manager.py", line 149, in execContext
    exec(code, scriptGlobals)
  File "/var/repos/rcbot2/AMBuildScript", line 20, in <module>
    SdkHelpers = builder.Eval(sdkhelpers_path, {
                 ^^^^^^^^^^^^^^^^^^^^^^^^^^^^^^^
  File "/usr/local/lib/python3.12/dist-packages/ambuild2/frontend/v2_2/context.py", line 115, in Eval
    return self.cm.evalScript(self, path, vars or {})
           ^^^^^^^^^^^^^^^^^^^^^^^^^^^^^^^^^^^^^^^^^^
  File "/usr/local/lib/python3.12/dist-packages/ambuild2/frontend/v2_2/context_manager.py", line 60, in evalScript
    obj = self.importScriptImpl(context, path, vars or {})
          ^^^^^^^^^^^^^^^^^^^^^^^^^^^^^^^^^^^^^^^^^^^^^^^^
  File "/usr/local/lib/python3.12/dist-packages/ambuild2/frontend/v2_2/context_manager.py", line 77, in importScriptImpl
    self.generator.addConfigureFile(parent, scriptPath)
  File "/usr/local/lib/python3.12/dist-packages/ambuild2/frontend/amb2_gen.py", line 752, in addConfigureFile
    self.db.add_or_update_script(path)
  File "/usr/local/lib/python3.12/dist-packages/ambuild2/database.py", line 826, in add_or_update_script
    stamp = os.path.getmtime(path)
            ^^^^^^^^^^^^^^^^^^^^^^
  File "<frozen genericpath>", line 67, in getmtime
FileNotFoundError: [Errno 2] No such file or directory: '/var/repos/rcbot2/hl2sdk-manifests/SdkHelpers.ambuild'
Configure failed: [Errno 2] No such file or directory: '/var/repos/rcbot2/hl2sdk-manifests/SdkHelpers.ambuild'
